<?xml version="1.0" encoding="UTF-8"?>
<testng-results ignored="0" total="1" passed="1" failed="0" skipped="0">
  <reporter-output>
  </reporter-output>
  <suite started-at="2025-08-08T08:18:59 IST" name="Suite" finished-at="2025-08-08T08:19:19 IST" duration-ms="19382">
    <groups>
    </groups>
    <test started-at="2025-08-08T08:18:59 IST" name="Test" finished-at="2025-08-08T08:19:19 IST" duration-ms="19382">
      <class name="ChomaProjects.MavenDemoAugust07.WebFromDemo">
        <test-method is-config="true" signature="setUp()[pri:0, instance:ChomaProjects.MavenDemoAugust07.WebFromDemo@4466af20]" started-at="2025-08-08T08:18:59 IST" name="setUp" finished-at="2025-08-08T08:19:13 IST" duration-ms="14160" status="PASS">
          <reporter-output>
          </reporter-output>
        </test-method> <!-- setUp -->
        <test-method signature="fillFrom()[pri:0, instance:ChomaProjects.MavenDemoAugust07.WebFromDemo@4466af20]" started-at="2025-08-08T08:19:14 IST" name="fillFrom" finished-at="2025-08-08T08:19:17 IST" duration-ms="3864" status="PASS">
          <reporter-output>
          </reporter-output>
        </test-method> <!-- fillFrom -->
        <test-method is-config="true" signature="closing()[pri:0, instance:ChomaProjects.MavenDemoAugust07.WebFromDemo@4466af20]" started-at="2025-08-08T08:19:17 IST" name="closing" finished-at="2025-08-08T08:19:19 IST" duration-ms="1136" status="PASS">
          <reporter-output>
          </reporter-output>
        </test-method> <!-- closing -->
      </class> <!-- ChomaProjects.MavenDemoAugust07.WebFromDemo -->
    </test> <!-- Test -->
  </suite> <!-- Suite -->
</testng-results>
