<?xml version="1.0" encoding="UTF-8"?>
<testng-results ignored="0" total="1" passed="1" failed="0" skipped="0">
  <reporter-output>
  </reporter-output>
  <suite started-at="2025-08-13T23:08:26 IST" name="Suite" finished-at="2025-08-13T23:08:54 IST" duration-ms="28048">
    <groups>
    </groups>
    <test started-at="2025-08-13T23:08:26 IST" name="Test" finished-at="2025-08-13T23:08:54 IST" duration-ms="28048">
      <class name="ChomaProjects.MavenDemoAugust07.WebFromDemo">
        <test-method is-config="true" signature="setUp()[pri:0, instance:ChomaProjects.MavenDemoAugust07.WebFromDemo@942a29c]" started-at="2025-08-13T23:08:26 IST" name="setUp" finished-at="2025-08-13T23:08:38 IST" duration-ms="11524" status="PASS">
          <reporter-output>
          </reporter-output>
        </test-method> <!-- setUp -->
        <test-method signature="fillFrom()[pri:0, instance:ChomaProjects.MavenDemoAugust07.WebFromDemo@942a29c]" started-at="2025-08-13T23:08:38 IST" name="fillFrom" finished-at="2025-08-13T23:08:45 IST" duration-ms="7554" status="PASS">
          <reporter-output>
          </reporter-output>
        </test-method> <!-- fillFrom -->
        <test-method is-config="true" signature="closing()[pri:0, instance:ChomaProjects.MavenDemoAugust07.WebFromDemo@942a29c]" started-at="2025-08-13T23:08:45 IST" name="closing" finished-at="2025-08-13T23:08:54 IST" duration-ms="8582" status="PASS">
          <reporter-output>
          </reporter-output>
        </test-method> <!-- closing -->
      </class> <!-- ChomaProjects.MavenDemoAugust07.WebFromDemo -->
    </test> <!-- Test -->
  </suite> <!-- Suite -->
</testng-results>
